Library/Bee/Android/Prj/Mono2x/Gradle/unityLibrary/build/intermediates/manifest_merge_blame_file/release/manifest-merger-blame-release-report.txt
1<?xml version="1.0" encoding="utf-8"?>
2<manifest xmlns:android="http://schemas.android.com/apk/res/android"
3    xmlns:tools="http://schemas.android.com/tools"
4    package="com.unity3d.player"
5    android:versionCode="1"
6    android:versionName="0.1" >
7
8    <uses-sdk
9        android:minSdkVersion="26"
9-->src/main/AndroidManifest.xml
10        android:targetSdkVersion="30" />
10-->src/main/AndroidManifest.xml
11
12    <uses-feature android:glEsVersion="0x00030000" />
12-->src/main/AndroidManifest.xml:24:3-52
12-->src/main/AndroidManifest.xml:24:17-49
13    <uses-feature
13-->src/main/AndroidManifest.xml:25:3-91
14        android:name="android.hardware.vulkan.version"
14-->src/main/AndroidManifest.xml:25:17-63
15        android:required="false" />
15-->src/main/AndroidManifest.xml:25:64-88
16
17    <uses-permission android:name="android.permission.INTERNET" />
17-->src/main/AndroidManifest.xml:26:3-65
17-->src/main/AndroidManifest.xml:26:20-62
18
19    <uses-feature
19-->src/main/AndroidManifest.xml:27:3-88
20        android:name="android.hardware.touchscreen"
20-->src/main/AndroidManifest.xml:27:17-60
21        android:required="false" />
21-->src/main/AndroidManifest.xml:27:61-85
22    <uses-feature
22-->src/main/AndroidManifest.xml:28:3-99
23        android:name="android.hardware.touchscreen.multitouch"
23-->src/main/AndroidManifest.xml:28:17-71
24        android:required="false" />
24-->src/main/AndroidManifest.xml:28:72-96
25    <uses-feature
25-->src/main/AndroidManifest.xml:29:3-108
26        android:name="android.hardware.touchscreen.multitouch.distinct"
26-->src/main/AndroidManifest.xml:29:17-80
27        android:required="false" />
27-->src/main/AndroidManifest.xml:29:81-105
28
29    <application android:extractNativeLibs="true" >
29-->src/main/AndroidManifest.xml:3:3-23:17
29-->src/main/AndroidManifest.xml:3:16-48
30        <activity
30-->src/main/AndroidManifest.xml:4:5-17:16
31            android:name="com.unity3d.player.UnityPlayerActivity"
31-->src/main/AndroidManifest.xml:4:15-68
32            android:configChanges="mcc|mnc|locale|touchscreen|keyboard|keyboardHidden|navigation|orientation|screenLayout|uiMode|screenSize|smallestScreenSize|fontScale|layoutDirection|density"
32-->src/main/AndroidManifest.xml:4:180-361
33            android:hardwareAccelerated="false"
33-->src/main/AndroidManifest.xml:4:397-432
34            android:launchMode="singleTask"
34-->src/main/AndroidManifest.xml:4:148-179
35            android:resizeableActivity="false"
35-->src/main/AndroidManifest.xml:4:362-396
36            android:screenOrientation="fullUser"
36-->src/main/AndroidManifest.xml:4:111-147
37            android:theme="@style/UnityThemeSelector" >
37-->src/main/AndroidManifest.xml:4:69-110
38            <intent-filter>
38-->src/main/AndroidManifest.xml:5:7-8:23
39                <action android:name="android.intent.action.MAIN" />
39-->src/main/AndroidManifest.xml:6:9-61
39-->src/main/AndroidManifest.xml:6:17-58
40
41                <category android:name="android.intent.category.LAUNCHER" />
41-->src/main/AndroidManifest.xml:7:9-69
41-->src/main/AndroidManifest.xml:7:19-66
42            </intent-filter>
43
44            <meta-data
44-->src/main/AndroidManifest.xml:9:7-82
45                android:name="unityplayer.UnityActivity"
45-->src/main/AndroidManifest.xml:9:18-58
46                android:value="true" />
46-->src/main/AndroidManifest.xml:9:59-79
47
48            <intent-filter>
48-->src/main/AndroidManifest.xml:10:7-15:23
49                <action android:name="android.intent.action.VIEW" />
49-->src/main/AndroidManifest.xml:11:9-61
49-->src/main/AndroidManifest.xml:11:17-58
50
51                <category android:name="android.intent.category.DEFAULT" />
51-->src/main/AndroidManifest.xml:12:9-68
51-->src/main/AndroidManifest.xml:12:19-65
52                <category android:name="android.intent.category.BROWSABLE" />
52-->src/main/AndroidManifest.xml:13:9-70
52-->src/main/AndroidManifest.xml:13:19-67
53
54                <data
54-->src/main/AndroidManifest.xml:14:9-64
55                    android:host="mylink"
55-->src/main/AndroidManifest.xml:14:40-61
56                    android:scheme="unitydl" />
56-->src/main/AndroidManifest.xml:14:15-39
57            </intent-filter>
58
59            <meta-data
59-->src/main/AndroidManifest.xml:16:7-78
60                android:name="android.notch_support"
60-->src/main/AndroidManifest.xml:16:18-54
61                android:value="true" />
61-->src/main/AndroidManifest.xml:16:55-75
62        </activity>
63
64        <meta-data
64-->src/main/AndroidManifest.xml:18:5-69
65            android:name="unity.splash-mode"
65-->src/main/AndroidManifest.xml:18:16-48
66            android:value="0" />
66-->src/main/AndroidManifest.xml:18:49-66
67        <meta-data
67-->src/main/AndroidManifest.xml:19:5-74
68            android:name="unity.splash-enable"
68-->src/main/AndroidManifest.xml:19:16-50
69            android:value="True" />
69-->src/main/AndroidManifest.xml:19:51-71
70        <meta-data
70-->src/main/AndroidManifest.xml:20:5-78
71            android:name="unity.launch-fullscreen"
71-->src/main/AndroidManifest.xml:20:16-54
72            android:value="True" />
72-->src/main/AndroidManifest.xml:20:55-75
73        <meta-data
73-->src/main/AndroidManifest.xml:21:5-81
74            android:name="notch.config"
74-->src/main/AndroidManifest.xml:21:16-43
75            android:value="portrait|landscape" />
75-->src/main/AndroidManifest.xml:21:44-78
76        <meta-data
76-->src/main/AndroidManifest.xml:22:5-84
77            android:name="unity.auto-report-fully-drawn"
77-->src/main/AndroidManifest.xml:22:16-60
78            android:value="true" />
78-->src/main/AndroidManifest.xml:22:61-81
79    </application>
80
81</manifest>